Log file open, 05/01/21 18:05:37
LogWindows: Failed to load 'aqProf.dll' (GetLastError=126)
LogWindows: File 'aqProf.dll' does not exist
LogWindows: Failed to load 'VtuneApi.dll' (GetLastError=126)
LogWindows: File 'VtuneApi.dll' does not exist
LogWindows: Failed to load 'VtuneApi32e.dll' (GetLastError=126)
LogWindows: File 'VtuneApi32e.dll' does not exist
LogConsoleResponse: Display: Failed to find resolution value strings in scalability ini. Falling back to default.
LogPakFile: Display: Found Pak file ../../../FlyBattleGame/Content/Paks/FlyBattleGame-WindowsNoEditor.pak attempting to mount.
LogPakFile: Display: Mounting pak file ../../../FlyBattleGame/Content/Paks/FlyBattleGame-WindowsNoEditor.pak.
LogPlatformFile: Not using cached read wrapper
LogTaskGraph: Started task graph with 5 named threads and 35 total threads with 3 sets of task threads.
LogStats: Stats thread started at 0.035249
LogD3D11RHI: Loaded GFSDK_Aftermath_Lib.x64.dll
LogICUInternationalization: ICU TimeZone Detection - Raw Offset: +9:00, Platform Override: ''
LogPluginManager: Mounting plugin Paper2D
LogPluginManager: Mounting plugin AISupport
LogPluginManager: Mounting plugin LightPropagationVolume
LogPluginManager: Mounting plugin AnimationSharing
LogPluginManager: Mounting plugin SignificanceManager
LogPluginManager: Mounting plugin UObjectPlugin
LogPluginManager: Mounting plugin AssetManagerEditor
LogPluginManager: Mounting plugin FacialAnimation
LogPluginManager: Mounting plugin DatasmithContent
LogPluginManager: Mounting plugin VariantManagerContent
LogPluginManager: Mounting plugin AlembicImporter
LogPluginManager: Mounting plugin GeometryCache
LogPluginManager: Mounting plugin AutomationUtils
LogPluginManager: Mounting plugin ScreenshotTools
LogPluginManager: Mounting plugin BackChannel
LogPluginManager: Mounting plugin CharacterAI
LogPluginManager: Mounting plugin PlatformCrypto
LogPluginManager: Mounting plugin MagicLeap
LogPluginManager: Mounting plugin MLSDK
LogPluginManager: Mounting plugin AvfMedia
LogPluginManager: Mounting plugin ImgMedia
LogPluginManager: Mounting plugin MediaCompositing
LogPluginManager: Mounting plugin WmfMedia
LogPluginManager: Mounting plugin TcpMessaging
LogPluginManager: Mounting plugin UdpMessaging
LogPluginManager: Mounting plugin ActorSequence
LogPluginManager: Mounting plugin NetcodeUnitTest
LogPluginManager: Mounting plugin OnlineSubsystemNull
LogPluginManager: Mounting plugin OnlineSubsystem
LogPluginManager: Mounting plugin OnlineSubsystemUtils
LogPluginManager: Mounting plugin LauncherChunkInstaller
LogPluginManager: Mounting plugin AndroidPermission
LogPluginManager: Mounting plugin AppleImageUtils
LogPluginManager: Mounting plugin ArchVisCharacter
LogPluginManager: Mounting plugin AssetTags
LogPluginManager: Mounting plugin AudioCapture
LogPluginManager: Mounting plugin CableComponent
LogPluginManager: Mounting plugin CustomMeshComponent
LogPluginManager: Mounting plugin EditableMesh
LogPluginManager: Mounting plugin ExampleDeviceProfileSelector
LogPluginManager: Mounting plugin LocationServicesBPLibrary
LogPluginManager: Mounting plugin MobilePatchingUtils
LogPluginManager: Mounting plugin OculusVR
LogPluginManager: Mounting plugin ProceduralMeshComponent
LogPluginManager: Mounting plugin PhysXVehicles
LogPluginManager: Mounting plugin RuntimePhysXCooking
LogPluginManager: Mounting plugin SteamVR
LogPluginManager: Mounting plugin WebMMoviePlayer
LogPluginManager: Mounting plugin WebMMedia
LogPluginManager: Mounting plugin WindowsMoviePlayer
LogInit: Using libcurl 7.55.1-DEV
LogInit:  - built for x86_64-pc-win32
LogInit:  - supports SSL with OpenSSL/1.1.1
LogInit:  - supports HTTP deflate (compression) using libz 1.2.8
LogInit:  - other features:
LogInit:      CURL_VERSION_SSL
LogInit:      CURL_VERSION_LIBZ
LogInit:      CURL_VERSION_IPV6
LogInit:      CURL_VERSION_ASYNCHDNS
LogInit:      CURL_VERSION_LARGEFILE
LogInit:      CURL_VERSION_IDN
LogInit:  CurlRequestOptions (configurable via config and command line):
LogInit:  - bVerifyPeer = true  - Libcurl will verify peer certificate
LogInit:  - bUseHttpProxy = false  - Libcurl will NOT use HTTP proxy
LogInit:  - bDontReuseConnections = false  - Libcurl will reuse connections
LogInit:  - MaxHostConnections = 16  - Libcurl will limit the number of connections to a host
LogInit:  - LocalHostAddr = Default
LogInit:  - BufferSize = 65536
LogOnline: OSS: Creating online subsystem instance for: NULL
LogInit: WinSock: version 1.1 (2.2), MaxSocks=32767, MaxUdp=65467
LogOnline: OSS: TryLoadSubsystemAndSetDefault: Loaded subsystem for module [NULL]
LogInit: Build: ++UE4+Release-4.24-CL-11590370
LogInit: Engine Version: 4.24.3-11590370+++UE4+Release-4.24
LogInit: Compatible Engine Version: 4.24.0-10570792+++UE4+Release-4.24
LogInit: Net CL: 10570792
LogInit: OS: Windows 10 (Release 2009) (), CPU: Intel(R) Core(TM) i7-9750H CPU @ 2.60GHz, GPU: Intel(R) UHD Graphics 630
LogInit: Compiled (64-bit): Feb 24 2020 20:52:55
LogInit: Compiled with Visual C++: 19.16.27032.01
LogInit: Build Configuration: Development
LogInit: Branch Name: ++UE4+Release-4.24
LogInit: Command Line: 
LogInit: Base Directory: E:/game_project/flyBattle/WindowsNoEditor/FlyBattleGame/Binaries/Win64/
LogInit: Installed Engine Build: 0
LogDevObjectVersion: Number of dev versions registered: 25
LogDevObjectVersion:   Dev-Blueprints (B0D832E4-1F89-4F0D-ACCF-7EB736FD4AA2): 10
LogDevObjectVersion:   Dev-Build (E1C64328-A22C-4D53-A36C-8E866417BD8C): 0
LogDevObjectVersion:   Dev-Core (375EC13C-06E4-48FB-B500-84F0262A717E): 3
LogDevObjectVersion:   Dev-Editor (E4B068ED-F494-42E9-A231-DA0B2E46BB41): 37
LogDevObjectVersion:   Dev-Framework (CFFC743F-43B0-4480-9391-14DF171D2073): 36
LogDevObjectVersion:   Dev-Mobile (B02B49B5-BB20-44E9-A304-32B752E40360): 2
LogDevObjectVersion:   Dev-Networking (A4E4105C-59A1-49B5-A7C5-40C4547EDFEE): 0
LogDevObjectVersion:   Dev-Online (39C831C9-5AE6-47DC-9A44-9C173E1C8E7C): 0
LogDevObjectVersion:   Dev-Physics (78F01B33-EBEA-4F98-B9B4-84EACCB95AA2): 2
LogDevObjectVersion:   Dev-Platform (6631380F-2D4D-43E0-8009-CF276956A95A): 0
LogDevObjectVersion:   Dev-Rendering (12F88B9F-8875-4AFC-A67C-D90C383ABD29): 36
LogDevObjectVersion:   Dev-Sequencer (7B5AE74C-D270-4C10-A958-57980B212A5A): 11
LogDevObjectVersion:   Dev-VR (D7296918-1DD6-4BDD-9DE2-64A83CC13884): 2
LogDevObjectVersion:   Dev-LoadTimes (C2A15278-BFE7-4AFE-6C17-90FF531DF755): 1
LogDevObjectVersion:   Private-Geometry (6EACA3D4-40EC-4CC1-B786-8BED09428FC5): 3
LogDevObjectVersion:   Dev-AnimPhys (29E575DD-E0A3-4627-9D10-D276232CDCEA): 17
LogDevObjectVersion:   Dev-Anim (AF43A65D-7FD3-4947-9873-3E8ED9C1BB05): 2
LogDevObjectVersion:   Dev-ReflectionCapture (6B266CEC-1EC7-4B8F-A30B-E4D90942FC07): 1
LogDevObjectVersion:   Dev-Automation (0DF73D61-A23F-47EA-B727-89E90C41499A): 1
LogDevObjectVersion:   FortniteMain (601D1886-AC64-4F84-AA16-D3DE0DEAC7D6): 31
LogDevObjectVersion:   Dev-Enterprise (9DFFBCD6-494F-0158-E221-12823C92A888): 8
LogDevObjectVersion:   Dev-Niagara (F2AED0AC-9AFE-416F-8664-AA7FFA26D6FC): 1
LogDevObjectVersion:   Dev-Destruction (174F1F0B-B4C6-45A5-B13F-2EE8D0FB917D): 9
LogDevObjectVersion:   Dev-Physics-Ext (35F94A83-E258-406C-A318-09F59610247C): 8
LogDevObjectVersion:   Dev-CineCamera (B2E18506-4273-CFC2-A54E-F4BB758BBA07): 1
LogInit: Presizing for max 2097152 objects, including 1 objects not considered by GC, pre-allocating 0 bytes for permanent pool.
LogStreaming: Display: Async Loading initialized: Event Driven Loader: true, Async Loading Thread: false, Async Post Load: true
LogInit: Object subsystem initialized
LogConfig: Setting CVar [[con.DebugEarlyDefault:1]]
LogConfig: Setting CVar [[r.setres:1280x720]]
[2021.05.01-09.05.37:214][  0]LogConfig: Setting CVar [[con.DebugEarlyDefault:1]]
[2021.05.01-09.05.37:214][  0]LogConfig: Setting CVar [[r.setres:1280x720]]
[2021.05.01-09.05.37:214][  0]LogConfig: Applying CVar settings from Section [/Script/Engine.RendererSettings] File [../../../FlyBattleGame/Saved/Config/WindowsNoEditor/Engine.ini]
[2021.05.01-09.05.37:214][  0]LogConfig: Setting CVar [[r.GPUCrashDebugging:0]]
[2021.05.01-09.05.37:214][  0]LogConfig: Applying CVar settings from Section [/Script/Engine.RendererOverrideSettings] File [../../../FlyBattleGame/Saved/Config/WindowsNoEditor/Engine.ini]
[2021.05.01-09.05.37:214][  0]LogConfig: Applying CVar settings from Section [/Script/Engine.StreamingSettings] File [../../../FlyBattleGame/Saved/Config/WindowsNoEditor/Engine.ini]
[2021.05.01-09.05.37:214][  0]LogConfig: Setting CVar [[s.MinBulkDataSizeForAsyncLoading:131072]]
[2021.05.01-09.05.37:214][  0]LogConfig: Setting CVar [[s.AsyncLoadingThreadEnabled:0]]
[2021.05.01-09.05.37:214][  0]LogConfig: Setting CVar [[s.EventDrivenLoaderEnabled:1]]
[2021.05.01-09.05.37:214][  0]LogConfig: Setting CVar [[s.WarnIfTimeLimitExceeded:0]]
[2021.05.01-09.05.37:214][  0]LogConfig: Setting CVar [[s.TimeLimitExceededMultiplier:1.5]]
[2021.05.01-09.05.37:214][  0]LogConfig: Setting CVar [[s.TimeLimitExceededMinTime:0.005]]
[2021.05.01-09.05.37:214][  0]LogConfig: Setting CVar [[s.UseBackgroundLevelStreaming:1]]
[2021.05.01-09.05.37:214][  0]LogConfig: Setting CVar [[s.PriorityAsyncLoadingExtraTime:15.0]]
[2021.05.01-09.05.37:214][  0]LogConfig: Setting CVar [[s.LevelStreamingActorsUpdateTimeLimit:5.0]]
[2021.05.01-09.05.37:214][  0]LogConfig: Setting CVar [[s.PriorityLevelStreamingActorsUpdateExtraTime:5.0]]
[2021.05.01-09.05.37:214][  0]LogConfig: Setting CVar [[s.LevelStreamingComponentsRegistrationGranularity:10]]
[2021.05.01-09.05.37:214][  0]LogConfig: Setting CVar [[s.UnregisterComponentsTimeLimit:1.0]]
[2021.05.01-09.05.37:214][  0]LogConfig: Setting CVar [[s.LevelStreamingComponentsUnregistrationGranularity:5]]
[2021.05.01-09.05.37:214][  0]LogConfig: Setting CVar [[s.FlushStreamingOnExit:1]]
[2021.05.01-09.05.37:214][  0]LogConfig: Applying CVar settings from Section [/Script/Engine.GarbageCollectionSettings] File [../../../FlyBattleGame/Saved/Config/WindowsNoEditor/Engine.ini]
[2021.05.01-09.05.37:214][  0]LogConfig: Setting CVar [[gc.MaxObjectsNotConsideredByGC:1]]
[2021.05.01-09.05.37:214][  0]LogConfig: Setting CVar [[gc.SizeOfPermanentObjectPool:0]]
[2021.05.01-09.05.37:214][  0]LogConfig: Setting CVar [[gc.FlushStreamingOnGC:0]]
[2021.05.01-09.05.37:214][  0]LogConfig: Setting CVar [[gc.NumRetriesBeforeForcingGC:10]]
[2021.05.01-09.05.37:214][  0]LogConfig: Setting CVar [[gc.AllowParallelGC:1]]
[2021.05.01-09.05.37:214][  0]LogConfig: Setting CVar [[gc.TimeBetweenPurgingPendingKillObjects:61.1]]
[2021.05.01-09.05.37:214][  0]LogConfig: Setting CVar [[gc.MaxObjectsInEditor:25165824]]
[2021.05.01-09.05.37:214][  0]LogConfig: Setting CVar [[gc.IncrementalBeginDestroyEnabled:1]]
[2021.05.01-09.05.37:214][  0]LogConfig: Setting CVar [[gc.CreateGCClusters:1]]
[2021.05.01-09.05.37:214][  0]LogConfig: Setting CVar [[gc.MinGCClusterSize:5]]
[2021.05.01-09.05.37:214][  0]LogConfig: Setting CVar [[gc.ActorClusteringEnabled:0]]
[2021.05.01-09.05.37:214][  0]LogConfig: Setting CVar [[gc.BlueprintClusteringEnabled:0]]
[2021.05.01-09.05.37:214][  0]LogConfig: Setting CVar [[gc.UseDisregardForGCOnDedicatedServers:0]]
[2021.05.01-09.05.37:214][  0]LogConfig: Applying CVar settings from Section [/Script/Engine.NetworkSettings] File [../../../FlyBattleGame/Saved/Config/WindowsNoEditor/Engine.ini]
[2021.05.01-09.05.37:217][  0]LogConfig: Applying CVar settings from Section [ViewDistanceQuality@3] File [../../../FlyBattleGame/Saved/Config/WindowsNoEditor/Scalability.ini]
[2021.05.01-09.05.37:217][  0]LogConfig: Setting CVar [[r.SkeletalMeshLODBias:0]]
[2021.05.01-09.05.37:217][  0]LogConfig: Setting CVar [[r.ViewDistanceScale:1.0]]
[2021.05.01-09.05.37:217][  0]LogConfig: Applying CVar settings from Section [AntiAliasingQuality@3] File [../../../FlyBattleGame/Saved/Config/WindowsNoEditor/Scalability.ini]
[2021.05.01-09.05.37:217][  0]LogConfig: Setting CVar [[r.PostProcessAAQuality:4]]
[2021.05.01-09.05.37:217][  0]LogConfig: Applying CVar settings from Section [ShadowQuality@3] File [../../../FlyBattleGame/Saved/Config/WindowsNoEditor/Scalability.ini]
[2021.05.01-09.05.37:217][  0]LogConfig: Setting CVar [[r.LightFunctionQuality:1]]
[2021.05.01-09.05.37:217][  0]LogConfig: Setting CVar [[r.ShadowQuality:5]]
[2021.05.01-09.05.37:217][  0]LogConfig: Setting CVar [[r.Shadow.CSM.MaxCascades:10]]
[2021.05.01-09.05.37:217][  0]LogConfig: Setting CVar [[r.Shadow.MaxResolution:2048]]
[2021.05.01-09.05.37:217][  0]LogConfig: Setting CVar [[r.Shadow.MaxCSMResolution:2048]]
[2021.05.01-09.05.37:217][  0]LogConfig: Setting CVar [[r.Shadow.RadiusThreshold:0.01]]
[2021.05.01-09.05.37:217][  0]LogConfig: Setting CVar [[r.Shadow.DistanceScale:1.0]]
[2021.05.01-09.05.37:217][  0]LogConfig: Setting CVar [[r.Shadow.CSM.TransitionScale:1.0]]
[2021.05.01-09.05.37:217][  0]LogConfig: Setting CVar [[r.Shadow.PreShadowResolutionFactor:1.0]]
[2021.05.01-09.05.37:217][  0]LogConfig: Setting CVar [[r.DistanceFieldShadowing:1]]
[2021.05.01-09.05.37:217][  0]LogConfig: Setting CVar [[r.DistanceFieldAO:1]]
[2021.05.01-09.05.37:217][  0]LogConfig: Setting CVar [[r.AOQuality:2]]
[2021.05.01-09.05.37:217][  0]LogConfig: Setting CVar [[r.VolumetricFog:1]]
[2021.05.01-09.05.37:217][  0]LogConfig: Setting CVar [[r.VolumetricFog.GridPixelSize:8]]
[2021.05.01-09.05.37:217][  0]LogConfig: Setting CVar [[r.VolumetricFog.GridSizeZ:128]]
[2021.05.01-09.05.37:217][  0]LogConfig: Setting CVar [[r.VolumetricFog.HistoryMissSupersampleCount:4]]
[2021.05.01-09.05.37:217][  0]LogConfig: Setting CVar [[r.LightMaxDrawDistanceScale:1]]
[2021.05.01-09.05.37:217][  0]LogConfig: Setting CVar [[r.CapsuleShadows:1]]
[2021.05.01-09.05.37:217][  0]LogConfig: Applying CVar settings from Section [PostProcessQuality@3] File [../../../FlyBattleGame/Saved/Config/WindowsNoEditor/Scalability.ini]
[2021.05.01-09.05.37:217][  0]LogConfig: Setting CVar [[r.MotionBlurQuality:4]]
[2021.05.01-09.05.37:217][  0]LogConfig: Setting CVar [[r.AmbientOcclusionMipLevelFactor:0.4]]
[2021.05.01-09.05.37:217][  0]LogConfig: Setting CVar [[r.AmbientOcclusionMaxQuality:100]]
[2021.05.01-09.05.37:217][  0]LogConfig: Setting CVar [[r.AmbientOcclusionLevels:-1]]
[2021.05.01-09.05.37:217][  0]LogConfig: Setting CVar [[r.AmbientOcclusionRadiusScale:1.0]]
[2021.05.01-09.05.37:217][  0]LogConfig: Setting CVar [[r.DepthOfFieldQuality:2]]
[2021.05.01-09.05.37:217][  0]LogConfig: Setting CVar [[r.RenderTargetPoolMin:400]]
[2021.05.01-09.05.37:217][  0]LogConfig: Setting CVar [[r.LensFlareQuality:2]]
[2021.05.01-09.05.37:217][  0]LogConfig: Setting CVar [[r.SceneColorFringeQuality:1]]
[2021.05.01-09.05.37:217][  0]LogConfig: Setting CVar [[r.EyeAdaptationQuality:2]]
[2021.05.01-09.05.37:217][  0]LogConfig: Setting CVar [[r.BloomQuality:5]]
[2021.05.01-09.05.37:217][  0]LogConfig: Setting CVar [[r.FastBlurThreshold:100]]
[2021.05.01-09.05.37:217][  0]LogConfig: Setting CVar [[r.Upscale.Quality:3]]
[2021.05.01-09.05.37:217][  0]LogConfig: Setting CVar [[r.Tonemapper.GrainQuantization:1]]
[2021.05.01-09.05.37:217][  0]LogConfig: Setting CVar [[r.LightShaftQuality:1]]
[2021.05.01-09.05.37:217][  0]LogConfig: Setting CVar [[r.Filter.SizeScale:1]]
[2021.05.01-09.05.37:217][  0]LogConfig: Setting CVar [[r.Tonemapper.Quality:5]]
[2021.05.01-09.05.37:217][  0]LogConfig: Setting CVar [[r.DOF.Gather.AccumulatorQuality:1        ; higher gathering accumulator quality]]
[2021.05.01-09.05.37:217][  0]LogConfig: Setting CVar [[r.DOF.Gather.PostfilterMethod:1          ; Median3x3 postfilering method]]
[2021.05.01-09.05.37:217][  0]LogConfig: Setting CVar [[r.DOF.Gather.EnableBokehSettings:0       ; no bokeh simulation when gathering]]
[2021.05.01-09.05.37:217][  0]LogConfig: Setting CVar [[r.DOF.Gather.RingCount:4                 ; medium number of samples when gathering]]
[2021.05.01-09.05.37:217][  0]LogConfig: Setting CVar [[r.DOF.Scatter.ForegroundCompositing:1    ; additive foreground scattering]]
[2021.05.01-09.05.37:217][  0]LogConfig: Setting CVar [[r.DOF.Scatter.BackgroundCompositing:2    ; additive background scattering]]
[2021.05.01-09.05.37:217][  0]LogConfig: Setting CVar [[r.DOF.Scatter.EnableBokehSettings:1      ; bokeh simulation when scattering]]
[2021.05.01-09.05.37:217][  0]LogConfig: Setting CVar [[r.DOF.Scatter.MaxSpriteRatio:0.1         ; only a maximum of 10% of scattered bokeh]]
[2021.05.01-09.05.37:217][  0]LogConfig: Setting CVar [[r.DOF.Recombine.Quality:1                ; cheap slight out of focus]]
[2021.05.01-09.05.37:217][  0]LogConfig: Setting CVar [[r.DOF.Recombine.EnableBokehSettings:0    ; no bokeh simulation on slight out of focus]]
[2021.05.01-09.05.37:217][  0]LogConfig: Setting CVar [[r.DOF.TemporalAAQuality:1                ; more stable temporal accumulation]]
[2021.05.01-09.05.37:217][  0]LogConfig: Setting CVar [[r.DOF.Kernel.MaxForegroundRadius:0.025]]
[2021.05.01-09.05.37:217][  0]LogConfig: Setting CVar [[r.DOF.Kernel.MaxBackgroundRadius:0.025]]
[2021.05.01-09.05.37:217][  0]LogConfig: Applying CVar settings from Section [TextureQuality@3] File [../../../FlyBattleGame/Saved/Config/WindowsNoEditor/Scalability.ini]
[2021.05.01-09.05.37:217][  0]LogConfig: Setting CVar [[r.Streaming.MipBias:0]]
[2021.05.01-09.05.37:217][  0]LogConfig: Setting CVar [[r.Streaming.AmortizeCPUToGPUCopy:0]]
[2021.05.01-09.05.37:217][  0]LogConfig: Setting CVar [[r.Streaming.MaxNumTexturesToStreamPerFrame:0]]
[2021.05.01-09.05.37:217][  0]LogConfig: Setting CVar [[r.Streaming.Boost:1]]
[2021.05.01-09.05.37:217][  0]LogConfig: Setting CVar [[r.MaxAnisotropy:8]]
[2021.05.01-09.05.37:217][  0]LogConfig: Setting CVar [[r.VT.MaxAnisotropy:8]]
[2021.05.01-09.05.37:217][  0]LogConfig: Setting CVar [[r.Streaming.LimitPoolSizeToVRAM:0]]
[2021.05.01-09.05.37:217][  0]LogConfig: Setting CVar [[r.Streaming.PoolSize:1000]]
[2021.05.01-09.05.37:217][  0]LogConfig: Setting CVar [[r.Streaming.MaxEffectiveScreenSize:0]]
[2021.05.01-09.05.37:217][  0]LogConfig: Applying CVar settings from Section [EffectsQuality@3] File [../../../FlyBattleGame/Saved/Config/WindowsNoEditor/Scalability.ini]
[2021.05.01-09.05.37:217][  0]LogConfig: Setting CVar [[r.TranslucencyLightingVolumeDim:64]]
[2021.05.01-09.05.37:217][  0]LogConfig: Setting CVar [[r.RefractionQuality:2]]
[2021.05.01-09.05.37:217][  0]LogConfig: Setting CVar [[r.SSR.Quality:3]]
[2021.05.01-09.05.37:217][  0]LogConfig: Setting CVar [[r.SSR.HalfResSceneColor:0]]
[2021.05.01-09.05.37:217][  0]LogConfig: Setting CVar [[r.SceneColorFormat:4]]
[2021.05.01-09.05.37:217][  0]LogConfig: Setting CVar [[r.DetailMode:2]]
[2021.05.01-09.05.37:217][  0]LogConfig: Setting CVar [[r.TranslucencyVolumeBlur:1]]
[2021.05.01-09.05.37:217][  0]LogConfig: Setting CVar [[r.MaterialQualityLevel:1 ; High quality]]
[2021.05.01-09.05.37:218][  0]LogConfig: Setting CVar [[r.SSS.Scale:1]]
[2021.05.01-09.05.37:218][  0]LogConfig: Setting CVar [[r.SSS.SampleSet:2]]
[2021.05.01-09.05.37:218][  0]LogConfig: Setting CVar [[r.SSS.Quality:1]]
[2021.05.01-09.05.37:218][  0]LogConfig: Setting CVar [[r.SSS.HalfRes:1]]
[2021.05.01-09.05.37:218][  0]LogConfig: Setting CVar [[r.SSGI.Quality:3]]
[2021.05.01-09.05.37:218][  0]LogConfig: Setting CVar [[r.EmitterSpawnRateScale:1.0]]
[2021.05.01-09.05.37:218][  0]LogConfig: Setting CVar [[r.ParticleLightQuality:2]]
[2021.05.01-09.05.37:218][  0]LogConfig: Setting CVar [[r.SkyAtmosphere.AerialPerspectiveLUT.FastApplyOnOpaque:1 ; Always have FastSkyLUT 1 in this case to avoid wrong sky]]
[2021.05.01-09.05.37:218][  0]LogConfig: Setting CVar [[r.SkyAtmosphere.AerialPerspectiveLUT.SampleCountPerSlice:1]]
[2021.05.01-09.05.37:218][  0]LogConfig: Setting CVar [[r.SkyAtmosphere.AerialPerspectiveLUT.DepthResolution:16.0]]
[2021.05.01-09.05.37:218][  0]LogConfig: Setting CVar [[r.SkyAtmosphere.FastSkyLUT:1]]
[2021.05.01-09.05.37:218][  0]LogConfig: Setting CVar [[r.SkyAtmosphere.FastSkyLUT.SampleCountMin:4.0]]
[2021.05.01-09.05.37:218][  0]LogConfig: Setting CVar [[r.SkyAtmosphere.FastSkyLUT.SampleCountMax:32.0]]
[2021.05.01-09.05.37:218][  0]LogConfig: Setting CVar [[r.SkyAtmosphere.SampleCountMin:4.0]]
[2021.05.01-09.05.37:218][  0]LogConfig: Setting CVar [[r.SkyAtmosphere.SampleCountMax:32.0]]
[2021.05.01-09.05.37:218][  0]LogConfig: Setting CVar [[r.SkyAtmosphere.TransmittanceLUT.UseSmallFormat:0]]
[2021.05.01-09.05.37:218][  0]LogConfig: Setting CVar [[r.SkyAtmosphere.TransmittanceLUT.SampleCount:10.0]]
[2021.05.01-09.05.37:218][  0]LogConfig: Setting CVar [[r.SkyAtmosphere.MultiScatteringLUT.SampleCount:15.0]]
[2021.05.01-09.05.37:218][  0]LogConfig: Applying CVar settings from Section [FoliageQuality@3] File [../../../FlyBattleGame/Saved/Config/WindowsNoEditor/Scalability.ini]
[2021.05.01-09.05.37:218][  0]LogConfig: Setting CVar [[foliage.DensityScale:1.0]]
[2021.05.01-09.05.37:218][  0]LogConfig: Setting CVar [[grass.DensityScale:1.0]]
[2021.05.01-09.05.37:218][  0]LogConfig: Applying CVar settings from Section [ShadingQuality@3] File [../../../FlyBattleGame/Saved/Config/WindowsNoEditor/Scalability.ini]
[2021.05.01-09.05.37:218][  0]LogConfig: Setting CVar [[r.HairStrands.SkyLighting.SampleCount:16]]
[2021.05.01-09.05.37:218][  0]LogConfig: Setting CVar [[r.HairStrands.SkyLighting.JitterIntegration:0]]
[2021.05.01-09.05.37:218][  0]LogConfig: Setting CVar [[r.HairStrands.SkyAO.SampleCount:16]]
[2021.05.01-09.05.37:218][  0]LogInit: Selected Device Profile: [WindowsNoEditor]
[2021.05.01-09.05.37:218][  0]LogInit: Applying CVar settings loaded from the selected device profile: [WindowsNoEditor]
[2021.05.01-09.05.37:220][  0]LogHAL: Display: Platform has ~ 16 GB [17028714496 / 17179869184 / 16], which maps to Larger [LargestMinGB=32, LargerMinGB=12, DefaultMinGB=8, SmallerMinGB=6, SmallestMinGB=0)
[2021.05.01-09.05.37:220][  0]LogInit: Going up to parent DeviceProfile [Windows]
[2021.05.01-09.05.37:220][  0]LogInit: Going up to parent DeviceProfile []
[2021.05.01-09.05.37:220][  0]LogConfig: Applying CVar settings from Section [ViewDistanceQuality@3] File [../../../FlyBattleGame/Saved/Config/WindowsNoEditor/Scalability.ini]
[2021.05.01-09.05.37:220][  0]LogConfig: Setting CVar [[r.SkeletalMeshLODBias:0]]
[2021.05.01-09.05.37:220][  0]LogConfig: Setting CVar [[r.ViewDistanceScale:1.0]]
[2021.05.01-09.05.37:220][  0]LogConfig: Applying CVar settings from Section [AntiAliasingQuality@3] File [../../../FlyBattleGame/Saved/Config/WindowsNoEditor/Scalability.ini]
[2021.05.01-09.05.37:220][  0]LogConfig: Setting CVar [[r.PostProcessAAQuality:4]]
[2021.05.01-09.05.37:220][  0]LogConfig: Applying CVar settings from Section [ShadowQuality@3] File [../../../FlyBattleGame/Saved/Config/WindowsNoEditor/Scalability.ini]
[2021.05.01-09.05.37:220][  0]LogConfig: Setting CVar [[r.LightFunctionQuality:1]]
[2021.05.01-09.05.37:220][  0]LogConfig: Setting CVar [[r.ShadowQuality:5]]
[2021.05.01-09.05.37:220][  0]LogConfig: Setting CVar [[r.Shadow.CSM.MaxCascades:10]]
[2021.05.01-09.05.37:220][  0]LogConfig: Setting CVar [[r.Shadow.MaxResolution:2048]]
[2021.05.01-09.05.37:220][  0]LogConfig: Setting CVar [[r.Shadow.MaxCSMResolution:2048]]
[2021.05.01-09.05.37:220][  0]LogConfig: Setting CVar [[r.Shadow.RadiusThreshold:0.01]]
[2021.05.01-09.05.37:220][  0]LogConfig: Setting CVar [[r.Shadow.DistanceScale:1.0]]
[2021.05.01-09.05.37:220][  0]LogConfig: Setting CVar [[r.Shadow.CSM.TransitionScale:1.0]]
[2021.05.01-09.05.37:220][  0]LogConfig: Setting CVar [[r.Shadow.PreShadowResolutionFactor:1.0]]
[2021.05.01-09.05.37:220][  0]LogConfig: Setting CVar [[r.DistanceFieldShadowing:1]]
[2021.05.01-09.05.37:220][  0]LogConfig: Setting CVar [[r.DistanceFieldAO:1]]
[2021.05.01-09.05.37:220][  0]LogConfig: Setting CVar [[r.AOQuality:2]]
[2021.05.01-09.05.37:220][  0]LogConfig: Setting CVar [[r.VolumetricFog:1]]
[2021.05.01-09.05.37:220][  0]LogConfig: Setting CVar [[r.VolumetricFog.GridPixelSize:8]]
[2021.05.01-09.05.37:220][  0]LogConfig: Setting CVar [[r.VolumetricFog.GridSizeZ:128]]
[2021.05.01-09.05.37:220][  0]LogConfig: Setting CVar [[r.VolumetricFog.HistoryMissSupersampleCount:4]]
[2021.05.01-09.05.37:220][  0]LogConfig: Setting CVar [[r.LightMaxDrawDistanceScale:1]]
[2021.05.01-09.05.37:220][  0]LogConfig: Setting CVar [[r.CapsuleShadows:1]]
[2021.05.01-09.05.37:220][  0]LogConfig: Applying CVar settings from Section [PostProcessQuality@3] File [../../../FlyBattleGame/Saved/Config/WindowsNoEditor/Scalability.ini]
[2021.05.01-09.05.37:220][  0]LogConfig: Setting CVar [[r.MotionBlurQuality:4]]
[2021.05.01-09.05.37:220][  0]LogConfig: Setting CVar [[r.AmbientOcclusionMipLevelFactor:0.4]]
[2021.05.01-09.05.37:220][  0]LogConfig: Setting CVar [[r.AmbientOcclusionMaxQuality:100]]
[2021.05.01-09.05.37:220][  0]LogConfig: Setting CVar [[r.AmbientOcclusionLevels:-1]]
[2021.05.01-09.05.37:220][  0]LogConfig: Setting CVar [[r.AmbientOcclusionRadiusScale:1.0]]
[2021.05.01-09.05.37:220][  0]LogConfig: Setting CVar [[r.DepthOfFieldQuality:2]]
[2021.05.01-09.05.37:220][  0]LogConfig: Setting CVar [[r.RenderTargetPoolMin:400]]
[2021.05.01-09.05.37:220][  0]LogConfig: Setting CVar [[r.LensFlareQuality:2]]
[2021.05.01-09.05.37:220][  0]LogConfig: Setting CVar [[r.SceneColorFringeQuality:1]]
[2021.05.01-09.05.37:220][  0]LogConfig: Setting CVar [[r.EyeAdaptationQuality:2]]
[2021.05.01-09.05.37:220][  0]LogConfig: Setting CVar [[r.BloomQuality:5]]
[2021.05.01-09.05.37:220][  0]LogConfig: Setting CVar [[r.FastBlurThreshold:100]]
[2021.05.01-09.05.37:220][  0]LogConfig: Setting CVar [[r.Upscale.Quality:3]]
[2021.05.01-09.05.37:220][  0]LogConfig: Setting CVar [[r.Tonemapper.GrainQuantization:1]]
[2021.05.01-09.05.37:220][  0]LogConfig: Setting CVar [[r.LightShaftQuality:1]]
[2021.05.01-09.05.37:220][  0]LogConfig: Setting CVar [[r.Filter.SizeScale:1]]
[2021.05.01-09.05.37:220][  0]LogConfig: Setting CVar [[r.Tonemapper.Quality:5]]
[2021.05.01-09.05.37:220][  0]LogConfig: Setting CVar [[r.DOF.Gather.AccumulatorQuality:1        ; higher gathering accumulator quality]]
[2021.05.01-09.05.37:220][  0]LogConfig: Setting CVar [[r.DOF.Gather.PostfilterMethod:1          ; Median3x3 postfilering method]]
[2021.05.01-09.05.37:220][  0]LogConfig: Setting CVar [[r.DOF.Gather.EnableBokehSettings:0       ; no bokeh simulation when gathering]]
[2021.05.01-09.05.37:220][  0]LogConfig: Setting CVar [[r.DOF.Gather.RingCount:4                 ; medium number of samples when gathering]]
[2021.05.01-09.05.37:220][  0]LogConfig: Setting CVar [[r.DOF.Scatter.ForegroundCompositing:1    ; additive foreground scattering]]
[2021.05.01-09.05.37:220][  0]LogConfig: Setting CVar [[r.DOF.Scatter.BackgroundCompositing:2    ; additive background scattering]]
[2021.05.01-09.05.37:220][  0]LogConfig: Setting CVar [[r.DOF.Scatter.EnableBokehSettings:1      ; bokeh simulation when scattering]]
[2021.05.01-09.05.37:220][  0]LogConfig: Setting CVar [[r.DOF.Scatter.MaxSpriteRatio:0.1         ; only a maximum of 10% of scattered bokeh]]
[2021.05.01-09.05.37:220][  0]LogConfig: Setting CVar [[r.DOF.Recombine.Quality:1                ; cheap slight out of focus]]
[2021.05.01-09.05.37:220][  0]LogConfig: Setting CVar [[r.DOF.Recombine.EnableBokehSettings:0    ; no bokeh simulation on slight out of focus]]
[2021.05.01-09.05.37:220][  0]LogConfig: Setting CVar [[r.DOF.TemporalAAQuality:1                ; more stable temporal accumulation]]
[2021.05.01-09.05.37:220][  0]LogConfig: Setting CVar [[r.DOF.Kernel.MaxForegroundRadius:0.025]]
[2021.05.01-09.05.37:220][  0]LogConfig: Setting CVar [[r.DOF.Kernel.MaxBackgroundRadius:0.025]]
[2021.05.01-09.05.37:220][  0]LogConfig: Applying CVar settings from Section [TextureQuality@3] File [../../../FlyBattleGame/Saved/Config/WindowsNoEditor/Scalability.ini]
[2021.05.01-09.05.37:220][  0]LogConfig: Setting CVar [[r.Streaming.MipBias:0]]
[2021.05.01-09.05.37:220][  0]LogConfig: Setting CVar [[r.Streaming.AmortizeCPUToGPUCopy:0]]
[2021.05.01-09.05.37:220][  0]LogConfig: Setting CVar [[r.Streaming.MaxNumTexturesToStreamPerFrame:0]]
[2021.05.01-09.05.37:220][  0]LogConfig: Setting CVar [[r.Streaming.Boost:1]]
[2021.05.01-09.05.37:220][  0]LogConfig: Setting CVar [[r.MaxAnisotropy:8]]
[2021.05.01-09.05.37:220][  0]LogConfig: Setting CVar [[r.VT.MaxAnisotropy:8]]
[2021.05.01-09.05.37:220][  0]LogConfig: Setting CVar [[r.Streaming.LimitPoolSizeToVRAM:0]]
[2021.05.01-09.05.37:220][  0]LogConfig: Setting CVar [[r.Streaming.PoolSize:1000]]
[2021.05.01-09.05.37:220][  0]LogConfig: Setting CVar [[r.Streaming.MaxEffectiveScreenSize:0]]
[2021.05.01-09.05.37:220][  0]LogConfig: Applying CVar settings from Section [EffectsQuality@3] File [../../../FlyBattleGame/Saved/Config/WindowsNoEditor/Scalability.ini]
[2021.05.01-09.05.37:220][  0]LogConfig: Setting CVar [[r.TranslucencyLightingVolumeDim:64]]
[2021.05.01-09.05.37:220][  0]LogConfig: Setting CVar [[r.RefractionQuality:2]]
[2021.05.01-09.05.37:220][  0]LogConfig: Setting CVar [[r.SSR.Quality:3]]
[2021.05.01-09.05.37:220][  0]LogConfig: Setting CVar [[r.SSR.HalfResSceneColor:0]]
[2021.05.01-09.05.37:220][  0]LogConfig: Setting CVar [[r.SceneColorFormat:4]]
[2021.05.01-09.05.37:220][  0]LogConfig: Setting CVar [[r.DetailMode:2]]
[2021.05.01-09.05.37:220][  0]LogConfig: Setting CVar [[r.TranslucencyVolumeBlur:1]]
[2021.05.01-09.05.37:220][  0]LogConfig: Setting CVar [[r.MaterialQualityLevel:1 ; High quality]]
[2021.05.01-09.05.37:220][  0]LogConfig: Setting CVar [[r.SSS.Scale:1]]
[2021.05.01-09.05.37:220][  0]LogConfig: Setting CVar [[r.SSS.SampleSet:2]]
[2021.05.01-09.05.37:220][  0]LogConfig: Setting CVar [[r.SSS.Quality:1]]
[2021.05.01-09.05.37:220][  0]LogConfig: Setting CVar [[r.SSS.HalfRes:1]]
[2021.05.01-09.05.37:220][  0]LogConfig: Setting CVar [[r.SSGI.Quality:3]]
[2021.05.01-09.05.37:220][  0]LogConfig: Setting CVar [[r.EmitterSpawnRateScale:1.0]]
[2021.05.01-09.05.37:220][  0]LogConfig: Setting CVar [[r.ParticleLightQuality:2]]
[2021.05.01-09.05.37:220][  0]LogConfig: Setting CVar [[r.SkyAtmosphere.AerialPerspectiveLUT.FastApplyOnOpaque:1 ; Always have FastSkyLUT 1 in this case to avoid wrong sky]]
[2021.05.01-09.05.37:221][  0]LogConfig: Setting CVar [[r.SkyAtmosphere.AerialPerspectiveLUT.SampleCountPerSlice:1]]
[2021.05.01-09.05.37:221][  0]LogConfig: Setting CVar [[r.SkyAtmosphere.AerialPerspectiveLUT.DepthResolution:16.0]]
[2021.05.01-09.05.37:221][  0]LogConfig: Setting CVar [[r.SkyAtmosphere.FastSkyLUT:1]]
[2021.05.01-09.05.37:221][  0]LogConfig: Setting CVar [[r.SkyAtmosphere.FastSkyLUT.SampleCountMin:4.0]]
[2021.05.01-09.05.37:221][  0]LogConfig: Setting CVar [[r.SkyAtmosphere.FastSkyLUT.SampleCountMax:32.0]]
[2021.05.01-09.05.37:221][  0]LogConfig: Setting CVar [[r.SkyAtmosphere.SampleCountMin:4.0]]
[2021.05.01-09.05.37:221][  0]LogConfig: Setting CVar [[r.SkyAtmosphere.SampleCountMax:32.0]]
[2021.05.01-09.05.37:221][  0]LogConfig: Setting CVar [[r.SkyAtmosphere.TransmittanceLUT.UseSmallFormat:0]]
[2021.05.01-09.05.37:221][  0]LogConfig: Setting CVar [[r.SkyAtmosphere.TransmittanceLUT.SampleCount:10.0]]
[2021.05.01-09.05.37:221][  0]LogConfig: Setting CVar [[r.SkyAtmosphere.MultiScatteringLUT.SampleCount:15.0]]
[2021.05.01-09.05.37:221][  0]LogConfig: Applying CVar settings from Section [FoliageQuality@3] File [../../../FlyBattleGame/Saved/Config/WindowsNoEditor/Scalability.ini]
[2021.05.01-09.05.37:221][  0]LogConfig: Setting CVar [[foliage.DensityScale:1.0]]
[2021.05.01-09.05.37:221][  0]LogConfig: Setting CVar [[grass.DensityScale:1.0]]
[2021.05.01-09.05.37:221][  0]LogConfig: Applying CVar settings from Section [ShadingQuality@3] File [../../../FlyBattleGame/Saved/Config/WindowsNoEditor/Scalability.ini]
[2021.05.01-09.05.37:221][  0]LogConfig: Setting CVar [[r.HairStrands.SkyLighting.SampleCount:16]]
[2021.05.01-09.05.37:221][  0]LogConfig: Setting CVar [[r.HairStrands.SkyLighting.JitterIntegration:0]]
[2021.05.01-09.05.37:221][  0]LogConfig: Setting CVar [[r.HairStrands.SkyAO.SampleCount:16]]
[2021.05.01-09.05.37:221][  0]LogConfig: Applying CVar settings from Section [Startup] File [../../../Engine/Config/ConsoleVariables.ini]
[2021.05.01-09.05.37:221][  0]LogConfig: Setting CVar [[net.UseAdaptiveNetUpdateFrequency:0]]
[2021.05.01-09.05.37:221][  0]LogConfig: Setting CVar [[p.chaos.AllowCreatePhysxBodies:1]]
[2021.05.01-09.05.37:221][  0]LogConfig: Applying CVar settings from Section [ConsoleVariables] File [../../../FlyBattleGame/Saved/Config/WindowsNoEditor/Engine.ini]
[2021.05.01-09.05.37:221][  0]LogInit: Computer: DESKTOP-MJH6JFL
[2021.05.01-09.05.37:221][  0]LogInit: User: sz
[2021.05.01-09.05.37:221][  0]LogInit: CPU Page size=4096, Cores=6
[2021.05.01-09.05.37:221][  0]LogInit: High frequency timer resolution =10.000000 MHz
[2021.05.01-09.05.37:221][  0]LogMemory: Memory total: Physical=15.9GB (16GB approx)
[2021.05.01-09.05.37:221][  0]LogMemory: Platform Memory Stats for WindowsNoEditor
[2021.05.01-09.05.37:221][  0]LogMemory: Process Physical Memory: 58.77 MB used, 58.78 MB peak
[2021.05.01-09.05.37:221][  0]LogMemory: Process Virtual Memory: 69.59 MB used, 69.59 MB peak
[2021.05.01-09.05.37:221][  0]LogMemory: Physical Memory: 14709.01 MB used,  1530.84 MB free, 16239.85 MB total
[2021.05.01-09.05.37:221][  0]LogMemory: Virtual Memory: 4911.34 MB used,  134212816.00 MB free, 134217728.00 MB total
[2021.05.01-09.05.37:224][  0]LogWindows: WindowsPlatformFeatures enabled
[2021.05.01-09.05.37:276][  0]LogInit: Using OS detected language (zh-CN).
[2021.05.01-09.05.37:276][  0]LogInit: Using OS detected locale (zh-CN).
[2021.05.01-09.05.37:276][  0]LogTextLocalizationManager: No localization for 'zh-CN' exists, so 'en' will be used for the language.
[2021.05.01-09.05.37:276][  0]LogTextLocalizationManager: No localization for 'zh-CN' exists, so 'en' will be used for the locale.
[2021.05.01-09.05.37:299][  0]LogSlate: New Slate User Created.  User Index 0, Is Virtual User: 0
[2021.05.01-09.05.37:299][  0]LogSlate: Slate User Registered.  User Index 0, Is Virtual User: 0
[2021.05.01-09.05.37:315][  0]LogHMD: Failed to initialize OpenVR with code 110
[2021.05.01-09.05.37:315][  0]LogD3D11RHI: D3D11 min allowed feature level: 11_0
[2021.05.01-09.05.37:315][  0]LogD3D11RHI: D3D11 max allowed feature level: 11_0
[2021.05.01-09.05.37:315][  0]LogD3D11RHI: D3D11 adapters:
[2021.05.01-09.05.37:424][  0]LogD3D11RHI:    0. 'NVIDIA GeForce GTX 1660 Ti' (Feature Level 11_0)
[2021.05.01-09.05.37:424][  0]LogD3D11RHI:       5991/0/8119 MB DedicatedVideo/DedicatedSystem/SharedSystem, Outputs:1, VendorId:0x10de
[2021.05.01-09.05.37:650][  0]LogD3D11RHI:    1. 'Intel(R) UHD Graphics 630' (Feature Level 11_0)
[2021.05.01-09.05.37:650][  0]LogD3D11RHI:       128/0/8119 MB DedicatedVideo/DedicatedSystem/SharedSystem, Outputs:0, VendorId:0x8086
[2021.05.01-09.05.37:653][  0]LogD3D11RHI:    2. 'Microsoft Basic Render Driver' (Feature Level 11_0)
[2021.05.01-09.05.37:653][  0]LogD3D11RHI:       0/0/8119 MB DedicatedVideo/DedicatedSystem/SharedSystem, Outputs:0, VendorId:0x1414
[2021.05.01-09.05.37:653][  0]LogD3D11RHI: Chosen D3D11 Adapter: 0
[2021.05.01-09.05.37:659][  0]LogD3D11RHI: Creating new Direct3DDevice
[2021.05.01-09.05.37:659][  0]LogD3D11RHI:     GPU DeviceId: 0x2191 (for the marketing name, search the web for "GPU Device Id")
[2021.05.01-09.05.37:659][  0]LogWindows: EnumDisplayDevices:
[2021.05.01-09.05.37:660][  0]LogWindows:    0. 'Intel(R) UHD Graphics 630' (P:1 D:1)
[2021.05.01-09.05.37:660][  0]LogWindows:    1. 'Intel(R) UHD Graphics 630' (P:0 D:0)
[2021.05.01-09.05.37:660][  0]LogWindows:    2. 'Intel(R) UHD Graphics 630' (P:0 D:0)
[2021.05.01-09.05.37:661][  0]LogWindows:    3. 'NVIDIA GeForce GTX 1660 Ti' (P:0 D:0)
[2021.05.01-09.05.37:661][  0]LogWindows:    4. 'NVIDIA GeForce GTX 1660 Ti' (P:0 D:0)
[2021.05.01-09.05.37:662][  0]LogWindows:    5. 'NVIDIA GeForce GTX 1660 Ti' (P:0 D:0)
[2021.05.01-09.05.37:662][  0]LogWindows:    6. 'NVIDIA GeForce GTX 1660 Ti' (P:0 D:0)
[2021.05.01-09.05.37:663][  0]LogWindows: DebugString: PrimaryIsNotTheChoosenAdapter PrimaryIsNotTheChoosenAdapter PrimaryIsNotTheChoosenAdapter FoundDriverCount:4 
[2021.05.01-09.05.37:663][  0]LogD3D11RHI:     Adapter Name: NVIDIA GeForce GTX 1660 Ti
[2021.05.01-09.05.37:663][  0]LogD3D11RHI:   Driver Version: 465.89 (internal:27.21.14.6589, unified:465.89)
[2021.05.01-09.05.37:663][  0]LogD3D11RHI:      Driver Date: 3-25-2021
[2021.05.01-09.05.37:663][  0]LogRHI: Texture pool is 4193 MB (70% of 5991 MB)
[2021.05.01-09.05.37:739][  0]LogD3D11RHI: RHI has support for 64 bit atomics
[2021.05.01-09.05.37:739][  0]LogD3D11RHI: Async texture creation enabled
[2021.05.01-09.05.37:751][  0]LogD3D11RHI: GPU Timing Frequency: 1000.000000 (Debug: 2 1)
[2021.05.01-09.05.37:765][  0]LogMaterial: Verifying Global Shaders for PCD3D_SM5
[2021.05.01-09.05.37:768][  0]LogSlate: Using FreeType 2.10.0
[2021.05.01-09.05.37:768][  0]LogSlate: SlateFontServices - WITH_FREETYPE: 1, WITH_HARFBUZZ: 1
[2021.05.01-09.05.37:858][  0]LogInit: Using OS detected language (zh-CN).
[2021.05.01-09.05.37:858][  0]LogInit: Using OS detected locale (zh-CN).
[2021.05.01-09.05.37:858][  0]LogTextLocalizationManager: No localization for 'zh-CN' exists, so 'en' will be used for the language.
[2021.05.01-09.05.37:858][  0]LogTextLocalizationManager: No localization for 'zh-CN' exists, so 'en' will be used for the locale.
[2021.05.01-09.05.37:858][  0]LogTextLocalizationManager: Compacting localization data took   0.47ms
[2021.05.01-09.05.37:860][  0]LogAssetRegistry: FAssetRegistry took 0.0010 seconds to start up
[2021.05.01-09.05.37:938][  0]LogStreaming: Display: Flushing async loaders.
[2021.05.01-09.05.37:939][  0]LogPackageLocalizationCache: Processed 9 localized package path(s) for 1 prioritized culture(s) in 0.000035 seconds
[2021.05.01-09.05.37:939][  0]LogPakFile: New pak file ../../../FlyBattleGame/Content/Paks/FlyBattleGame-WindowsNoEditor.pak added to pak precacher.
[2021.05.01-09.05.37:941][  0]LogInit: Selected Device Profile: [WindowsNoEditor]
[2021.05.01-09.05.37:949][  0]LogNetVersion: FlyBattleGame 1.0.0, NetCL: 10570792, EngineNetVer: 13, GameNetVer: 0 (Checksum: 3334182592)
[2021.05.01-09.05.37:984][  0]LogAudioCaptureCore: Display: No Audio Capture implementations found. Audio input will be silent.
[2021.05.01-09.05.37:984][  0]LogAudioCaptureCore: Display: No Audio Capture implementations found. Audio input will be silent.
[2021.05.01-09.05.38:022][  0]LogMoviePlayer: Initializing movie player
[2021.05.01-09.05.38:023][  0]LogAndroidPermission: UAndroidPermissionCallbackProxy::GetInstance
[2021.05.01-09.05.38:023][  0]LogOcInput: OculusInput pre-init called
[2021.05.01-09.05.38:027][  0]LogUObjectArray: 42733 objects as part of root set at end of initial load.
[2021.05.01-09.05.38:027][  0]LogUObjectArray: 2 objects are not in the root set, but can never be destroyed because they are in the DisregardForGC set.
[2021.05.01-09.05.38:027][  0]LogUObjectAllocator: 6371520 out of 0 bytes used by permanent object pool.
[2021.05.01-09.05.38:027][  0]LogUObjectArray: CloseDisregardForGC: 42733/42733 objects in disregard for GC pool
[2021.05.01-09.05.38:029][  0]LogEngine: Initializing Engine...
[2021.05.01-09.05.38:029][  0]LogHMD: Failed to initialize OpenVR with code 110
[2021.05.01-09.05.38:030][  0]LogStats: UGameplayTagsManager::InitializeManager -  0.000 s
[2021.05.01-09.05.38:097][  0]LogPakFile: Precache HighWater 16MB

[2021.05.01-09.05.38:098][  0]LogPakFile: Precache HighWater 32MB

[2021.05.01-09.05.38:098][  0]LogInit: Initializing FReadOnlyCVARCache
[2021.05.01-09.05.38:098][  0]LogAudioMixer: Display: Audio Mixer Platform Settings:
[2021.05.01-09.05.38:098][  0]LogAudioMixer: Display: 	Sample Rate:						  48000
[2021.05.01-09.05.38:098][  0]LogAudioMixer: Display: 	Callback Buffer Frame Size Requested: 1024
[2021.05.01-09.05.38:098][  0]LogAudioMixer: Display: 	Callback Buffer Frame Size To Use:	  1024
[2021.05.01-09.05.38:098][  0]LogAudioMixer: Display: 	Number of buffers to queue:			  2
[2021.05.01-09.05.38:098][  0]LogAudioMixer: Display: 	Max Channels (voices):				  32
[2021.05.01-09.05.38:098][  0]LogAudioMixer: Display: 	Number of Async Source Workers:		  0
[2021.05.01-09.05.38:098][  0]LogAudio: Display: AudioDevice MaxSources: 32
[2021.05.01-09.05.38:098][  0]LogAudio: Display: Using built-in audio occlusion.
[2021.05.01-09.05.38:098][  0]LogAudioMixer: Display: Initializing audio mixer.
[2021.05.01-09.05.38:101][  0]LogAudioDebug: Display: Lib vorbis DLL was dynamically loaded.
[2021.05.01-09.05.38:148][  0]LogAudioMixer: Display: Audio Device Output Speaker Info:
[2021.05.01-09.05.38:148][  0]LogAudioMixer: Display: Name: 扬声器 (Realtek(R) Audio)
[2021.05.01-09.05.38:148][  0]LogAudioMixer: Display: Is Default: Yes
[2021.05.01-09.05.38:148][  0]LogAudioMixer: Display: Sample Rate: 48000
[2021.05.01-09.05.38:148][  0]LogAudioMixer: Display: Channel Count Used: 2
[2021.05.01-09.05.38:148][  0]LogAudioMixer: Display: Device Channel Count: 2
[2021.05.01-09.05.38:148][  0]LogAudioMixer: Display: Channel Order:
[2021.05.01-09.05.38:148][  0]LogAudioMixer: Display: 0: FrontLeft
[2021.05.01-09.05.38:148][  0]LogAudioMixer: Display: 1: FrontRight
[2021.05.01-09.05.38:189][  0]LogAudioMixer: Display: Using Audio Device 扬声器 (Realtek(R) Audio)
[2021.05.01-09.05.38:191][  0]LogInit: FAudioDevice initialized.
[2021.05.01-09.05.38:191][  0]LogNetVersion: Set ProjectVersion to 1.0.0.0. Version Checksum will be recalculated on next use.
[2021.05.01-09.05.38:191][  0]LogInit: Texture streaming: Enabled
[2021.05.01-09.05.38:194][  0]LogSlate: Updating window title bar state: overlay mode, drag disabled, window buttons hidden, title bar hidden
[2021.05.01-09.05.38:195][  0]LogInit: Display: Game Engine Initialized.
[2021.05.01-09.05.38:195][  0]LogInit: Display: Starting Game.
[2021.05.01-09.05.38:195][  0]LogNet: Browse: /Game/Maps/MainMap?Name=Player
[2021.05.01-09.05.38:195][  0]LogLoad: LoadMap: /Game/Maps/MainMap?Name=Player
[2021.05.01-09.05.38:195][  0]LogWorld: BeginTearingDown for /Temp/Untitled_0
[2021.05.01-09.05.38:197][  0]LogWorld: UWorld::CleanupWorld for Untitled, bSessionEnded=true, bCleanupResources=true
[2021.05.01-09.05.38:197][  0]LogSlate: InvalidateAllWidgets triggered.  All widgets were invalidated
[2021.05.01-09.05.38:201][  0]LogAudioMixer: Display: No commands were queued while flushing the source manager.
[2021.05.01-09.05.38:202][  0]LogUObjectHash: Compacting FUObjectHashTables data took   1.60ms
[2021.05.01-09.05.38:225][  0]LogAIModule: Creating AISystem for world MainMap
[2021.05.01-09.05.38:227][  0]LogLoad: Game class is 'GameMode_Base_C'
[2021.05.01-09.05.38:228][  0]LogWorld: Bringing World /Game/Maps/MainMap.MainMap up for play (max tick rate 0) at 2021.05.01-18.05.38
[2021.05.01-09.05.38:229][  0]LogWorld: Bringing up level for play took: 0.001011
[2021.05.01-09.05.38:231][  0]LogScript: Warning: Accessed None trying to read property CallFunc_Create_ReturnValue
	BP_FlyShip_C /Game/Maps/MainMap.MainMap:PersistentLevel.BP_FlyShip_C_2147482552
	Function /Game/SpaceshipBattle/BP_FlyShip.BP_FlyShip_C:ExecuteUbergraph_BP_FlyShip:0049
[2021.05.01-09.05.38:231][  0]LogScript: Warning: Script call stack:
	Function /Game/SpaceshipBattle/BP_FlyShip.BP_FlyShip_C:ReceiveBeginPlay
	Function /Game/SpaceshipBattle/BP_FlyShip.BP_FlyShip_C:ExecuteUbergraph_BP_FlyShip

[2021.05.01-09.05.38:231][  0]LogLoad: Took 0.035651 seconds to LoadMap(/Game/Maps/MainMap)
[2021.05.01-09.05.38:243][  0]LogRenderer: Reallocating scene render targets to support 1920x1080 Format 10 NumSamples 1 (Frame:1).
[2021.05.01-09.05.38:243][  0]LogLoad: (Engine Initialization) Total time: 1.18 seconds
[2021.05.01-09.05.38:272][  0]LogSlate: Took 0.000141 seconds to synchronously load lazily loaded font '../../../Engine/Content/Slate/Fonts/Roboto-Regular.ttf' (155K)
[2021.05.01-09.05.38:273][  0]LogContentStreaming: Texture pool size now 1000 MB
[2021.05.01-09.05.38:275][  1]LogSpawn: Warning: SpawnActor failed because of collision at the spawn location [X=-937.758 Y=2393.643 Z=81.436] for [BP_Enemy_C]
[2021.05.01-09.05.38:298][  2]LogRenderer: Reallocating scene render targets to support 128x128 Format 10 NumSamples 1 (Frame:1).
[2021.05.01-09.05.38:320][  2]LogRenderer: Reallocating scene render targets to support 1920x1080 Format 10 NumSamples 1 (Frame:2).
[2021.05.01-09.05.39:770][495]LogSpawn: Warning: SpawnActor failed because of collision at the spawn location [X=-1128.193 Y=-1657.231 Z=99.297] for [BP_Enemy_C]
[2021.05.01-09.05.40:271][691]LogSpawn: Warning: SpawnActor failed because of collision at the spawn location [X=-1069.323 Y=-2445.830 Z=99.786] for [BP_Enemy_C]
[2021.05.01-09.05.44:771][458]LogSpawn: Warning: SpawnActor failed because of collision at the spawn location [X=1073.901 Y=1992.477 Z=123.384] for [BP_Enemy_C]
[2021.05.01-09.05.48:770][ 21]LogSpawn: Warning: SpawnActor failed because of collision at the spawn location [X=1339.045 Y=2409.055 Z=117.753] for [BP_Enemy_C]
[2021.05.01-09.05.51:271][  1]LogSpawn: Warning: SpawnActor failed because of collision at the spawn location [X=767.373 Y=2391.354 Z=129.726] for [BP_Enemy_C]
[2021.05.01-09.05.53:334][807]LogNet: Browse: /Game/Maps/MainMap
[2021.05.01-09.05.53:334][807]LogLoad: LoadMap: /Game/Maps/MainMap
[2021.05.01-09.05.53:334][807]LogWorld: BeginTearingDown for /Game/Maps/MainMap
[2021.05.01-09.05.53:334][807]LogWorld: UWorld::CleanupWorld for MainMap, bSessionEnded=true, bCleanupResources=true
[2021.05.01-09.05.53:335][807]LogSlate: InvalidateAllWidgets triggered.  All widgets were invalidated
[2021.05.01-09.05.53:371][807]LogAudioMixer: Display: Flush succeeded in the source manager command queue (1).
[2021.05.01-09.05.53:371][807]LogAudio: Display: Waited 35.134098 ms for audio thread.
[2021.05.01-09.05.53:375][807]LogAudioMixer: Display: Flush succeeded the source manager command queue (2).
[2021.05.01-09.05.53:375][807]LogAudio: Display: Waited 39.772999 ms for audio thread.
[2021.05.01-09.05.53:380][807]LogUObjectHash: Compacting FUObjectHashTables data took   1.59ms
[2021.05.01-09.05.53:382][807]LogStreaming: Display: Flushing async loaders.
[2021.05.01-09.05.53:400][807]LogAIModule: Creating AISystem for world MainMap
[2021.05.01-09.05.53:403][807]LogLoad: Game class is 'GameMode_Base_C'
[2021.05.01-09.05.53:405][807]LogWorld: Bringing World /Game/Maps/MainMap.MainMap up for play (max tick rate 0) at 2021.05.01-18.05.53
[2021.05.01-09.05.53:405][807]LogWorld: Bringing up level for play took: 0.000836
[2021.05.01-09.05.53:406][807]LogScript: Warning: Accessed None trying to read property CallFunc_Create_ReturnValue
	BP_FlyShip_C /Game/Maps/MainMap.MainMap:PersistentLevel.BP_FlyShip_C_2147482409
	Function /Game/SpaceshipBattle/BP_FlyShip.BP_FlyShip_C:ExecuteUbergraph_BP_FlyShip:0049
[2021.05.01-09.05.53:406][807]LogScript: Warning: Script call stack:
	Function /Game/SpaceshipBattle/BP_FlyShip.BP_FlyShip_C:ReceiveBeginPlay
	Function /Game/SpaceshipBattle/BP_FlyShip.BP_FlyShip_C:ExecuteUbergraph_BP_FlyShip

[2021.05.01-09.05.53:406][807]LogLoad: Took 0.072344 seconds to LoadMap(/Game/Maps/MainMap)
[2021.05.01-09.05.55:837][725]LogSpawn: Warning: SpawnActor failed because of collision at the spawn location [X=912.031 Y=-2412.564 Z=109.140] for [BP_Enemy_C]
[2021.05.01-09.05.58:557][785]LogNet: Browse: /Game/Maps/MainMap
[2021.05.01-09.05.58:557][785]LogLoad: LoadMap: /Game/Maps/MainMap
[2021.05.01-09.05.58:557][785]LogWorld: BeginTearingDown for /Game/Maps/MainMap
[2021.05.01-09.05.58:558][785]LogWorld: UWorld::CleanupWorld for MainMap, bSessionEnded=true, bCleanupResources=true
[2021.05.01-09.05.58:558][785]LogSlate: InvalidateAllWidgets triggered.  All widgets were invalidated
[2021.05.01-09.05.58:588][785]LogAudioMixer: Display: Flush succeeded in the source manager command queue (1).
[2021.05.01-09.05.58:588][785]LogAudioMixer: Display: Flush succeeded the source manager command queue (2).
[2021.05.01-09.05.58:589][785]LogUObjectHash: Compacting FUObjectHashTables data took   1.08ms
[2021.05.01-09.05.58:592][785]LogStreaming: Display: Flushing async loaders.
[2021.05.01-09.05.58:610][785]LogAIModule: Creating AISystem for world MainMap
[2021.05.01-09.05.58:612][785]LogLoad: Game class is 'GameMode_Base_C'
[2021.05.01-09.05.58:614][785]LogWorld: Bringing World /Game/Maps/MainMap.MainMap up for play (max tick rate 0) at 2021.05.01-18.05.58
[2021.05.01-09.05.58:614][785]LogWorld: Bringing up level for play took: 0.000502
[2021.05.01-09.05.58:615][785]LogScript: Warning: Accessed None trying to read property CallFunc_Create_ReturnValue
	BP_FlyShip_C /Game/Maps/MainMap.MainMap:PersistentLevel.BP_FlyShip_C_2147482350
	Function /Game/SpaceshipBattle/BP_FlyShip.BP_FlyShip_C:ExecuteUbergraph_BP_FlyShip:0049
[2021.05.01-09.05.58:615][785]LogScript: Warning: Script call stack:
	Function /Game/SpaceshipBattle/BP_FlyShip.BP_FlyShip_C:ReceiveBeginPlay
	Function /Game/SpaceshipBattle/BP_FlyShip.BP_FlyShip_C:ExecuteUbergraph_BP_FlyShip

[2021.05.01-09.05.58:615][785]LogLoad: Took 0.057588 seconds to LoadMap(/Game/Maps/MainMap)
[2021.05.01-09.05.59:060][924]LogSpawn: Warning: SpawnActor failed because of collision at the spawn location [X=1457.976 Y=-1418.729 Z=140.031] for [BP_Enemy_C]
[2021.05.01-09.05.59:560][ 93]LogSpawn: Warning: SpawnActor failed because of collision at the spawn location [X=944.624 Y=2369.076 Z=128.830] for [BP_Enemy_C]
[2021.05.01-09.06.00:571][418]LogSpawn: Warning: SpawnActor failed because of collision at the spawn location [X=211.173 Y=-2468.261 Z=141.098] for [BP_Enemy_C]
[2021.05.01-09.06.03:793][590]LogNet: Browse: /Game/Maps/MainMap
[2021.05.01-09.06.03:793][590]LogLoad: LoadMap: /Game/Maps/MainMap
[2021.05.01-09.06.03:793][590]LogWorld: BeginTearingDown for /Game/Maps/MainMap
[2021.05.01-09.06.03:793][590]LogWorld: UWorld::CleanupWorld for MainMap, bSessionEnded=true, bCleanupResources=true
[2021.05.01-09.06.03:794][590]LogSlate: InvalidateAllWidgets triggered.  All widgets were invalidated
[2021.05.01-09.06.03:835][590]LogAudioMixer: Display: Flush succeeded in the source manager command queue (1).
[2021.05.01-09.06.03:835][590]LogAudioMixer: Display: Flush succeeded the source manager command queue (2).
[2021.05.01-09.06.03:835][590]LogAudio: Display: Waited 41.659199 ms for audio thread.
[2021.05.01-09.06.03:840][590]LogUObjectHash: Compacting FUObjectHashTables data took   0.94ms
[2021.05.01-09.06.03:841][590]LogStreaming: Display: Flushing async loaders.
[2021.05.01-09.06.03:858][590]LogAIModule: Creating AISystem for world MainMap
[2021.05.01-09.06.03:861][590]LogLoad: Game class is 'GameMode_Base_C'
[2021.05.01-09.06.03:863][590]LogWorld: Bringing World /Game/Maps/MainMap.MainMap up for play (max tick rate 0) at 2021.05.01-18.06.03
[2021.05.01-09.06.03:863][590]LogWorld: Bringing up level for play took: 0.000480
[2021.05.01-09.06.03:864][590]LogScript: Warning: Accessed None trying to read property CallFunc_Create_ReturnValue
	BP_FlyShip_C /Game/Maps/MainMap.MainMap:PersistentLevel.BP_FlyShip_C_2147482297
	Function /Game/SpaceshipBattle/BP_FlyShip.BP_FlyShip_C:ExecuteUbergraph_BP_FlyShip:0049
[2021.05.01-09.06.03:864][590]LogScript: Warning: Script call stack:
	Function /Game/SpaceshipBattle/BP_FlyShip.BP_FlyShip_C:ReceiveBeginPlay
	Function /Game/SpaceshipBattle/BP_FlyShip.BP_FlyShip_C:ExecuteUbergraph_BP_FlyShip

[2021.05.01-09.06.03:864][590]LogLoad: Took 0.071001 seconds to LoadMap(/Game/Maps/MainMap)
[2021.05.01-09.06.08:077][859]LogNet: Browse: /Game/Maps/MainMap
[2021.05.01-09.06.08:077][859]LogLoad: LoadMap: /Game/Maps/MainMap
[2021.05.01-09.06.08:077][859]LogWorld: BeginTearingDown for /Game/Maps/MainMap
[2021.05.01-09.06.08:078][859]LogWorld: UWorld::CleanupWorld for MainMap, bSessionEnded=true, bCleanupResources=true
[2021.05.01-09.06.08:078][859]LogSlate: InvalidateAllWidgets triggered.  All widgets were invalidated
[2021.05.01-09.06.08:125][859]LogAudioMixer: Display: Flush succeeded in the source manager command queue (1).
[2021.05.01-09.06.08:125][859]LogAudioMixer: Display: Flush succeeded the source manager command queue (2).
[2021.05.01-09.06.08:125][859]LogAudio: Display: Waited 46.829700 ms for audio thread.
[2021.05.01-09.06.08:129][859]LogUObjectHash: Compacting FUObjectHashTables data took   1.00ms
[2021.05.01-09.06.08:131][859]LogStreaming: Display: Flushing async loaders.
[2021.05.01-09.06.08:149][859]LogAIModule: Creating AISystem for world MainMap
[2021.05.01-09.06.08:153][859]LogLoad: Game class is 'GameMode_Base_C'
[2021.05.01-09.06.08:155][859]LogWorld: Bringing World /Game/Maps/MainMap.MainMap up for play (max tick rate 0) at 2021.05.01-18.06.08
[2021.05.01-09.06.08:156][859]LogWorld: Bringing up level for play took: 0.000942
[2021.05.01-09.06.08:157][859]LogScript: Warning: Accessed None trying to read property CallFunc_Create_ReturnValue
	BP_FlyShip_C /Game/Maps/MainMap.MainMap:PersistentLevel.BP_FlyShip_C_2147482247
	Function /Game/SpaceshipBattle/BP_FlyShip.BP_FlyShip_C:ExecuteUbergraph_BP_FlyShip:0049
[2021.05.01-09.06.08:157][859]LogScript: Warning: Script call stack:
	Function /Game/SpaceshipBattle/BP_FlyShip.BP_FlyShip_C:ReceiveBeginPlay
	Function /Game/SpaceshipBattle/BP_FlyShip.BP_FlyShip_C:ExecuteUbergraph_BP_FlyShip

[2021.05.01-09.06.08:158][859]LogLoad: Took 0.080484 seconds to LoadMap(/Game/Maps/MainMap)
[2021.05.01-09.06.08:159][860]LogSpawn: Warning: SpawnActor failed because of collision at the spawn location [X=-1407.895 Y=2091.967 Z=110.903] for [BP_Enemy_C]
[2021.05.01-09.06.12:532][293]LogNet: Browse: /Game/Maps/MainMap
[2021.05.01-09.06.12:532][293]LogLoad: LoadMap: /Game/Maps/MainMap
[2021.05.01-09.06.12:532][293]LogWorld: BeginTearingDown for /Game/Maps/MainMap
[2021.05.01-09.06.12:533][293]LogWorld: UWorld::CleanupWorld for MainMap, bSessionEnded=true, bCleanupResources=true
[2021.05.01-09.06.12:533][293]LogSlate: InvalidateAllWidgets triggered.  All widgets were invalidated
[2021.05.01-09.06.12:557][293]LogAudioMixer: Display: Flush succeeded in the source manager command queue (1).
[2021.05.01-09.06.12:558][293]LogAudioMixer: Display: Flush succeeded the source manager command queue (2).
[2021.05.01-09.06.12:560][293]LogUObjectHash: Compacting FUObjectHashTables data took   1.39ms
[2021.05.01-09.06.12:562][293]LogStreaming: Display: Flushing async loaders.
[2021.05.01-09.06.12:586][293]LogAIModule: Creating AISystem for world MainMap
[2021.05.01-09.06.12:589][293]LogLoad: Game class is 'GameMode_Base_C'
[2021.05.01-09.06.12:590][293]LogWorld: Bringing World /Game/Maps/MainMap.MainMap up for play (max tick rate 0) at 2021.05.01-18.06.12
[2021.05.01-09.06.12:590][293]LogWorld: Bringing up level for play took: 0.000408
[2021.05.01-09.06.12:591][293]LogScript: Warning: Accessed None trying to read property CallFunc_Create_ReturnValue
	BP_FlyShip_C /Game/Maps/MainMap.MainMap:PersistentLevel.BP_FlyShip_C_2147482198
	Function /Game/SpaceshipBattle/BP_FlyShip.BP_FlyShip_C:ExecuteUbergraph_BP_FlyShip:0049
[2021.05.01-09.06.12:591][293]LogScript: Warning: Script call stack:
	Function /Game/SpaceshipBattle/BP_FlyShip.BP_FlyShip_C:ReceiveBeginPlay
	Function /Game/SpaceshipBattle/BP_FlyShip.BP_FlyShip_C:ExecuteUbergraph_BP_FlyShip

[2021.05.01-09.06.12:591][293]LogLoad: Took 0.059710 seconds to LoadMap(/Game/Maps/MainMap)
[2021.05.01-09.06.12:592][294]LogSpawn: Warning: SpawnActor failed because of collision at the spawn location [X=1494.598 Y=1650.517 Z=91.926] for [BP_Enemy_C]
[2021.05.01-09.06.13:339][522]LogSlate: Request Window 'FlyBattleGame (64-bit Development PCD3D_SM5) ' being destroyed
[2021.05.01-09.06.13:347][522]LogSlate: Window 'FlyBattleGame (64-bit Development PCD3D_SM5) ' being destroyed
[2021.05.01-09.06.13:357][522]LogSlate: Updating window title bar state: overlay mode, drag disabled, window buttons hidden, title bar hidden
[2021.05.01-09.06.13:357][522]LogEngine: All Windows Closed
[2021.05.01-09.06.13:357][522]LogWindows: FPlatformMisc::RequestExit(0)
[2021.05.01-09.06.13:357][522]LogCore: Engine exit requested (reason: Win RequestExit)
[2021.05.01-09.06.13:357][523]LogCore: Engine exit requested (reason: EngineExit() was called; note: exit was already requested)
[2021.05.01-09.06.13:365][523]LogAudioMixer: Display: Flush succeeded in the source manager command queue (1).
[2021.05.01-09.06.13:385][523]LogAudioMixer: Display: Flush succeeded the source manager command queue (2).
[2021.05.01-09.06.13:394][523]LogInit: Display: PreExit Game.
[2021.05.01-09.06.13:404][523]LogWorld: BeginTearingDown for /Game/Maps/MainMap
[2021.05.01-09.06.13:404][523]LogWorld: UWorld::CleanupWorld for MainMap, bSessionEnded=true, bCleanupResources=true
[2021.05.01-09.06.13:404][523]LogSlate: InvalidateAllWidgets triggered.  All widgets were invalidated
[2021.05.01-09.06.14:056][523]LogExit: Preparing to exit.
[2021.05.01-09.06.14:056][523]LogMoviePlayer: Shutting down movie player
[2021.05.01-09.06.14:059][523]LogSlate: Updating window title bar state: overlay mode, drag disabled, window buttons hidden, title bar hidden
[2021.05.01-09.06.14:059][523]LogDemo: Cleaned up 0 splitscreen connections with owner deletion
[2021.05.01-09.06.14:060][523]LogExit: Game engine shut down
[2021.05.01-09.06.14:102][523]LogExit: Object subsystem successfully closed.
[2021.05.01-09.06.14:113][523]LogModuleManager: Shutting down and abandoning module AutomationController (270)
[2021.05.01-09.06.14:113][523]LogModuleManager: Shutting down and abandoning module AutomationWorker (268)
[2021.05.01-09.06.14:113][523]LogModuleManager: Shutting down and abandoning module Voice (266)
[2021.05.01-09.06.14:113][523]LogModuleManager: Shutting down and abandoning module AIModule (264)
[2021.05.01-09.06.14:113][523]LogModuleManager: Shutting down and abandoning module GameplayDebugger (263)
[2021.05.01-09.06.14:113][523]LogModuleManager: Shutting down and abandoning module NavigationSystem (261)
[2021.05.01-09.06.14:113][523]LogModuleManager: Shutting down and abandoning module WebMMediaFactory (258)
[2021.05.01-09.06.14:113][523]LogModuleManager: Shutting down and abandoning module WebMMedia (256)
[2021.05.01-09.06.14:113][523]LogModuleManager: Shutting down and abandoning module OculusMR (254)
[2021.05.01-09.06.14:113][523]LogModuleManager: Shutting down and abandoning module WmfMediaFactory (252)
[2021.05.01-09.06.14:113][523]LogModuleManager: Shutting down and abandoning module OpenExrWrapper (250)
[2021.05.01-09.06.14:113][523]LogModuleManager: Shutting down and abandoning module ImgMediaFactory (248)
[2021.05.01-09.06.14:113][523]LogModuleManager: Shutting down and abandoning module AvfMediaFactory (246)
[2021.05.01-09.06.14:113][523]LogModuleManager: Shutting down and abandoning module CharacterAI (244)
[2021.05.01-09.06.14:113][523]LogModuleManager: Shutting down and abandoning module SessionServices (242)
[2021.05.01-09.06.14:113][523]LogModuleManager: Shutting down and abandoning module LiveCoding (240)
[2021.05.01-09.06.14:113][523]LogModuleManager: Shutting down and abandoning module LevelSequence (238)
[2021.05.01-09.06.14:113][523]LogModuleManager: Shutting down and abandoning module MovieSceneTracks (236)
[2021.05.01-09.06.14:113][523]LogModuleManager: Shutting down and abandoning module MovieScene (234)
[2021.05.01-09.06.14:113][523]LogModuleManager: Shutting down and abandoning module StreamingPauseRendering (232)
[2021.05.01-09.06.14:113][523]LogModuleManager: Shutting down and abandoning module AudioMixerXAudio2 (230)
[2021.05.01-09.06.14:113][523]LogModuleManager: Shutting down and abandoning module ImageWriteQueue (228)
[2021.05.01-09.06.14:116][523]LogModuleManager: Shutting down and abandoning module ProfilerService (226)
[2021.05.01-09.06.14:348][523]LogModuleManager: Shutting down and abandoning module TaskGraph (224)
[2021.05.01-09.06.14:348][523]LogModuleManager: Shutting down and abandoning module ProceduralMeshComponent (222)
[2021.05.01-09.06.14:348][523]LogModuleManager: Shutting down and abandoning module OculusInput (220)
[2021.05.01-09.06.14:348][523]LogModuleManager: Shutting down and abandoning module MobilePatchingUtils (218)
[2021.05.01-09.06.14:348][523]LogModuleManager: Shutting down and abandoning module EditableMesh (216)
[2021.05.01-09.06.14:348][523]LogModuleManager: Shutting down and abandoning module CustomMeshComponent (214)
[2021.05.01-09.06.14:348][523]LogModuleManager: Shutting down and abandoning module CableComponent (212)
[2021.05.01-09.06.14:348][523]LogModuleManager: Shutting down and abandoning module AudioCapture (210)
[2021.05.01-09.06.14:348][523]LogModuleManager: Shutting down and abandoning module AudioCaptureRtAudio (209)
[2021.05.01-09.06.14:348][523]LogModuleManager: Shutting down and abandoning module AssetTags (206)
[2021.05.01-09.06.14:348][523]LogModuleManager: Shutting down and abandoning module ArchVisCharacter (204)
[2021.05.01-09.06.14:348][523]LogModuleManager: Shutting down and abandoning module AppleImageUtils (202)
[2021.05.01-09.06.14:348][523]LogModuleManager: Shutting down and abandoning module AndroidPermission (200)
[2021.05.01-09.06.14:348][523]LogModuleManager: Shutting down and abandoning module MediaCompositing (198)
[2021.05.01-09.06.14:348][523]LogModuleManager: Shutting down and abandoning module ImgMedia (196)
[2021.05.01-09.06.14:348][523]LogModuleManager: Shutting down and abandoning module MagicLeapHelperVulkan (194)
[2021.05.01-09.06.14:348][523]LogModuleManager: Shutting down and abandoning module MagicLeapHelperOpenGL (192)
[2021.05.01-09.06.14:348][523]LogModuleManager: Shutting down and abandoning module MagicLeapAudio (190)
[2021.05.01-09.06.14:348][523]LogModuleManager: Shutting down and abandoning module BackChannel (188)
[2021.05.01-09.06.14:348][523]LogModuleManager: Shutting down and abandoning module AutomationUtils (186)
[2021.05.01-09.06.14:348][523]LogModuleManager: Shutting down and abandoning module GeometryCacheTracks (184)
[2021.05.01-09.06.14:348][523]LogModuleManager: Shutting down and abandoning module GeometryCache (182)
[2021.05.01-09.06.14:348][523]LogModuleManager: Shutting down and abandoning module UObjectPlugin (180)
[2021.05.01-09.06.14:348][523]LogModuleManager: Shutting down and abandoning module FlyBattleGame (178)
[2021.05.01-09.06.14:348][523]LogModuleManager: Shutting down and abandoning module RuntimePhysXCooking (176)
[2021.05.01-09.06.14:348][523]LogModuleManager: Shutting down and abandoning module LocationServicesBPLibrary (172)
[2021.05.01-09.06.14:348][523]LogModuleManager: Shutting down and abandoning module ActorSequence (170)
[2021.05.01-09.06.14:348][523]LogModuleManager: Shutting down and abandoning module UdpMessaging (168)
[2021.05.01-09.06.14:348][523]LogModuleManager: Shutting down and abandoning module TcpMessaging (166)
[2021.05.01-09.06.14:348][523]LogModuleManager: Shutting down and abandoning module MagicLeapPrivileges (164)
[2021.05.01-09.06.14:348][523]LogModuleManager: Shutting down and abandoning module MagicLeapPlanes (162)
[2021.05.01-09.06.14:348][523]LogModuleManager: Shutting down and abandoning module MagicLeapIdentity (160)
[2021.05.01-09.06.14:348][523]LogModuleManager: Shutting down and abandoning module MagicLeapSecureStorage (158)
[2021.05.01-09.06.14:348][523]LogModuleManager: Shutting down and abandoning module MagicLeapImageTracker (156)
[2021.05.01-09.06.14:348][523]LogModuleManager: Shutting down and abandoning module MagicLeapHandTracking (154)
[2021.05.01-09.06.14:348][523]LogModuleManager: Shutting down and abandoning module MagicLeapHandMeshing (152)
[2021.05.01-09.06.14:348][523]LogModuleManager: Shutting down and abandoning module MagicLeapEyeTracker (150)
[2021.05.01-09.06.14:348][523]LogModuleManager: Shutting down and abandoning module MagicLeapController (148)
[2021.05.01-09.06.14:348][523]LogSlate: Slate User Destroyed.  User Index 0, Is Virtual User: 0
[2021.05.01-09.06.14:348][523]LogModuleManager: Shutting down and abandoning module MagicLeapARPin (146)
[2021.05.01-09.06.14:348][523]LogModuleManager: Shutting down and abandoning module MagicLeapAR (144)
[2021.05.01-09.06.14:348][523]LogModuleManager: Shutting down and abandoning module AugmentedReality (143)
[2021.05.01-09.06.14:348][523]LogModuleManager: Shutting down and abandoning module FacialAnimation (140)
[2021.05.01-09.06.14:348][523]LogModuleManager: Shutting down and abandoning module SignificanceManager (138)
[2021.05.01-09.06.14:348][523]LogModuleManager: Shutting down and abandoning module AnimationSharing (136)
[2021.05.01-09.06.14:349][523]LogModuleManager: Shutting down and abandoning module LightPropagationVolumeRuntime (134)
[2021.05.01-09.06.14:349][523]LogModuleManager: Shutting down and abandoning module Paper2D (132)
[2021.05.01-09.06.14:349][523]LogModuleManager: Shutting down and abandoning module WindowsMoviePlayer (130)
[2021.05.01-09.06.14:349][523]LogModuleManager: Shutting down and abandoning module WebMMoviePlayer (128)
[2021.05.01-09.06.14:349][523]LogModuleManager: Shutting down and abandoning module NetworkReplayStreaming (126)
[2021.05.01-09.06.14:349][523]LogModuleManager: Shutting down and abandoning module PacketHandler (124)
[2021.05.01-09.06.14:349][523]LogModuleManager: Shutting down and abandoning module ClothingSystemRuntimeNv (122)
[2021.05.01-09.06.14:349][523]LogModuleManager: Shutting down and abandoning module MediaAssets (120)
[2021.05.01-09.06.14:349][523]LogModuleManager: Shutting down and abandoning module Overlay (118)
[2021.05.01-09.06.14:349][523]LogModuleManager: Shutting down and abandoning module FunctionalTesting (116)
[2021.05.01-09.06.14:349][523]LogModuleManager: Shutting down and abandoning module MessageLog (114)
[2021.05.01-09.06.14:349][523]LogModuleManager: Shutting down and abandoning module UMG (112)
[2021.05.01-09.06.14:349][523]LogModuleManager: Shutting down and abandoning module SlateReflector (110)
[2021.05.01-09.06.14:349][523]LogModuleManager: Shutting down and abandoning module Slate (108)
[2021.05.01-09.06.14:349][523]LogModuleManager: Shutting down and abandoning module SlateCore (106)
[2021.05.01-09.06.14:349][523]LogModuleManager: Shutting down and abandoning module MRMesh (104)
[2021.05.01-09.06.14:349][523]LogModuleManager: Shutting down and abandoning module Messaging (102)
[2021.05.01-09.06.14:349][523]LogModuleManager: Shutting down and abandoning module HeadMountedDisplay (100)
[2021.05.01-09.06.14:349][523]LogModuleManager: Shutting down and abandoning module XAudio2 (98)
[2021.05.01-09.06.14:349][523]LogModuleManager: Shutting down and abandoning module Networking (96)
[2021.05.01-09.06.14:349][523]LogModuleManager: Shutting down and abandoning module Core (94)
[2021.05.01-09.06.14:349][523]LogModuleManager: Shutting down and abandoning module ImageWrapper (90)
[2021.05.01-09.06.14:349][523]LogModuleManager: Shutting down and abandoning module InputCore (88)
[2021.05.01-09.06.14:349][523]LogModuleManager: Shutting down and abandoning module Settings (86)
[2021.05.01-09.06.14:350][523]LogModuleManager: Shutting down and abandoning module PhysXCooking (84)
[2021.05.01-09.06.14:350][523]LogModuleManager: Shutting down and abandoning module ChaosSolvers (82)
[2021.05.01-09.06.14:350][523]LogModuleManager: Shutting down and abandoning module FieldSystemEngine (81)
[2021.05.01-09.06.14:350][523]LogModuleManager: Shutting down and abandoning module Chaos (78)
[2021.05.01-09.06.14:350][523]LogModuleManager: Shutting down and abandoning module WindowsPlatformFeatures (76)
[2021.05.01-09.06.14:350][523]LogModuleManager: Shutting down and abandoning module GameplayMediaEncoder (75)
[2021.05.01-09.06.14:350][523]LogModuleManager: Shutting down and abandoning module SteamVRInputDevice (72)
[2021.05.01-09.06.14:350][523]LogModuleManager: Shutting down and abandoning module SteamVRInput (70)
[2021.05.01-09.06.14:350][523]LogModuleManager: Shutting down and abandoning module SteamVR (68)
[2021.05.01-09.06.14:350][523]LogHMD: Freeing OpenVRDLLHandle.
[2021.05.01-09.06.14:350][523]LogModuleManager: Shutting down and abandoning module OculusHMD (66)
[2021.05.01-09.06.14:350][523]LogModuleManager: Shutting down and abandoning module ExampleDeviceProfileSelector (64)
[2021.05.01-09.06.14:350][523]LogModuleManager: Shutting down and abandoning module LauncherChunkInstaller (62)
[2021.05.01-09.06.14:350][523]LogModuleManager: Shutting down and abandoning module OnlineSubsystem (58)
[2021.05.01-09.06.14:350][523]LogModuleManager: Shutting down and abandoning module HTTP (53)
[2021.05.01-09.06.14:360][523]LogModuleManager: Shutting down and abandoning module SSL (52)
[2021.05.01-09.06.14:360][523]LogModuleManager: Shutting down and abandoning module WmfMedia (48)
[2021.05.01-09.06.14:361][523]LogModuleManager: Shutting down and abandoning module Media (47)
[2021.05.01-09.06.14:361][523]LogModuleManager: Shutting down and abandoning module MagicLeap (44)
[2021.05.01-09.06.14:361][523]LogModuleManager: Shutting down and abandoning module VariantManagerContent (42)
[2021.05.01-09.06.14:361][523]LogModuleManager: Shutting down and abandoning module DatasmithContent (40)
[2021.05.01-09.06.14:361][523]LogModuleManager: Shutting down and abandoning module AISupportModule (38)
[2021.05.01-09.06.14:361][523]LogModuleManager: Shutting down and abandoning module PlatformCryptoOpenSSL (36)
[2021.05.01-09.06.14:361][523]LogModuleManager: Shutting down and abandoning module PlatformCryptoTypes (34)
[2021.05.01-09.06.14:361][523]LogModuleManager: Shutting down and abandoning module PlatformCrypto (32)
[2021.05.01-09.06.14:361][523]LogModuleManager: Shutting down and abandoning module RenderCore (30)
[2021.05.01-09.06.14:361][523]LogModuleManager: Shutting down and abandoning module Landscape (28)
[2021.05.01-09.06.14:361][523]LogModuleManager: Shutting down and abandoning module SlateRHIRenderer (26)
[2021.05.01-09.06.14:362][523]LogModuleManager: Shutting down and abandoning module OpenGLDrv (24)
[2021.05.01-09.06.14:362][523]LogModuleManager: Shutting down and abandoning module D3D11RHI (22)
[2021.05.01-09.06.14:362][523]LogModuleManager: Shutting down and abandoning module AnimGraphRuntime (20)
[2021.05.01-09.06.14:362][523]LogModuleManager: Shutting down and abandoning module Renderer (18)
[2021.05.01-09.06.14:362][523]LogModuleManager: Shutting down and abandoning module Engine (16)
[2021.05.01-09.06.14:362][523]LogModuleManager: Shutting down and abandoning module CoreUObject (14)
[2021.05.01-09.06.14:362][523]LogModuleManager: Shutting down and abandoning module NetworkFile (12)
[2021.05.01-09.06.14:362][523]LogModuleManager: Shutting down and abandoning module CookedIterativeFile (10)
[2021.05.01-09.06.14:362][523]LogModuleManager: Shutting down and abandoning module StreamingFile (8)
[2021.05.01-09.06.14:362][523]LogModuleManager: Shutting down and abandoning module SandboxFile (6)
[2021.05.01-09.06.14:362][523]LogModuleManager: Shutting down and abandoning module PakFile (4)
[2021.05.01-09.06.14:362][523]LogModuleManager: Shutting down and abandoning module RSA (3)
[2021.05.01-09.06.14:363][523]LogD3D11RHI: Shutdown
[2021.05.01-09.06.14:363][523]LogD3D11RHI: CleanupD3DDevice
[2021.05.01-09.06.14:367][523]LogExit: Exiting.
[2021.05.01-09.06.14:401][523]Log file closed, 05/01/21 18:06:14
